<?xml version="1.0" encoding="UTF-8"?>
<!-- Generated by org.testng.reporters.JUnitReportReporter -->
<testsuite skipped="0" hostname="AithGGN1347" name="com.AliS.TestCases.FeeDetail_PaymentGateway_Test" tests="1" failures="0" timestamp="2022-05-23T14:33:50 IST" time="58.566" errors="0">
  <testcase name="FeeDetail_PaymentGateway_Tab_Test" time="58.566" classname="com.AliS.TestCases.FeeDetail_PaymentGateway_Test"/>
</testsuite> <!-- com.AliS.TestCases.FeeDetail_PaymentGateway_Test -->
