<?xml version="1.0" encoding="UTF-8"?>
<!-- Generated by org.testng.reporters.JUnitReportReporter -->
<testsuite skipped="0" hostname="AithGGN1347" name="com.AliS.TestCases.Address_Information_Test" tests="1" failures="0" timestamp="2022-05-23T12:25:17 IST" time="41.818" errors="0">
  <testcase name="Address_Information_Tab_Test" time="41.818" classname="com.AliS.TestCases.Address_Information_Test"/>
</testsuite> <!-- com.AliS.TestCases.Address_Information_Test -->
