<?xml version="1.0" encoding="UTF-8"?>
<!-- Generated by org.testng.reporters.JUnitReportReporter -->
<testsuite skipped="0" hostname="AithGGN1347" name="com.AliS.TestCases.RegressionTesting" tests="1" failures="0" timestamp="2022-05-21T17:20:49 IST" time="104.355" errors="0">
  <testcase name="RegressionTestClass" time="104.355" classname="com.AliS.TestCases.RegressionTesting"/>
</testsuite> <!-- com.AliS.TestCases.RegressionTesting -->
