<?xml version="1.0" encoding="UTF-8"?>
<!-- Generated by org.testng.reporters.JUnitReportReporter -->
<testsuite skipped="0" hostname="AithGGN1347" name="com.AliS.TestCases.Individual_Information_Test" tests="1" failures="0" timestamp="2022-05-23T18:23:22 IST" time="23.516" errors="0">
  <testcase name="Individual_Information_Tab_TestCase1" time="23.516" classname="com.AliS.TestCases.Individual_Information_Test"/>
</testsuite> <!-- com.AliS.TestCases.Individual_Information_Test -->
