<?xml version="1.0" encoding="UTF-8"?>
<!-- Generated by org.testng.reporters.JUnitReportReporter -->
<testsuite skipped="0" hostname="AithGGN1347" name="com.AliS.TestCases.LoginTest" tests="1" failures="0" timestamp="2022-05-21T20:59:27 IST" time="6.333" errors="0">
  <testcase name="LoginAliS" time="6.333" classname="com.AliS.TestCases.LoginTest"/>
</testsuite> <!-- com.AliS.TestCases.LoginTest -->
