<?xml version="1.0" encoding="UTF-8"?>
<!-- Generated by org.testng.reporters.JUnitReportReporter -->
<testsuite skipped="0" hostname="AithGGN1347" name="com.AliS.TestCases.Question_Test" tests="1" failures="0" timestamp="2022-05-20T15:29:50 IST" time="41.846" errors="0">
  <testcase name="Question_Tab_Test" time="41.846" classname="com.AliS.TestCases.Question_Test"/>
</testsuite> <!-- com.AliS.TestCases.Question_Test -->
