<?xml version="1.0" encoding="UTF-8"?>
<!-- Generated by org.testng.reporters.JUnitReportReporter -->
<testsuite skipped="0" hostname="AithGGN1347" name="com.AliS.SmokeTestCases.SmokeTestCase2" tests="1" failures="0" timestamp="2022-06-23T19:21:53 IST" time="24.693" errors="0">
  <testcase name="Individual_Information_Tab_TestCase2" time="24.693" classname="com.AliS.SmokeTestCases.SmokeTestCase2"/>
</testsuite> <!-- com.AliS.SmokeTestCases.SmokeTestCase2 -->
