<?xml version="1.0" encoding="UTF-8"?>
<!-- Generated by org.testng.reporters.JUnitReportReporter -->
<testsuite skipped="0" hostname="AithGGN1347" name="com.AliS.TestCases.Credential_Information_Test" tests="1" failures="0" timestamp="2022-05-23T12:26:52 IST" time="49.611" errors="0">
  <testcase name="CredentialInformationTab_Test" time="49.611" classname="com.AliS.TestCases.Credential_Information_Test"/>
</testsuite> <!-- com.AliS.TestCases.Credential_Information_Test -->
