<?xml version="1.0" encoding="UTF-8"?>
<!-- Generated by org.testng.reporters.JUnitReportReporter -->
<testsuite skipped="0" hostname="AithGGN1347" name="com.AliS.TestCases.Attestation_Test" tests="1" failures="0" timestamp="2022-05-23T12:52:08 IST" time="51.651" errors="0">
  <testcase name="Attestaion_Tab_Test" time="51.651" classname="com.AliS.TestCases.Attestation_Test"/>
</testsuite> <!-- com.AliS.TestCases.Attestation_Test -->
