<?xml version="1.0" encoding="UTF-8"?>
<!-- Generated by org.testng.reporters.JUnitReportReporter -->
<testsuite skipped="0" hostname="AithGGN1347" name="com.AliS.Test.LoginTest" tests="1" failures="0" timestamp="2022-06-27T19:00:14 IST" time="5.891" errors="0">
  <testcase name="LoginAliS" time="5.891" classname="com.AliS.Test.LoginTest"/>
  <system-out/>
</testsuite> <!-- com.AliS.Test.LoginTest -->
