<?xml version="1.0" encoding="UTF-8"?>
<!-- Generated by org.testng.reporters.JUnitReportReporter -->
<testsuite skipped="0" hostname="AithGGN1347" name="TestPackage.TestClas1" tests="1" failures="0" timestamp="2022-06-17T16:57:29 IST" time="0.035" errors="0">
  <testcase name="Method1" time="0.035" classname="TestPackage.TestClas1"/>
  <system-out/>
</testsuite> <!-- TestPackage.TestClas1 -->
